  math_3d.cpp
C:\Users\semen\OneDrive\Рабочий стол\Учёба\Инженерная и компьютерная графика\Лабораторная №2\Лабораторная №2\math_3d.cpp(4,20): error C2039: "Cross": не является членом "Vector3f".
C:\Users\semen\OneDrive\Рабочий стол\Учёба\Инженерная и компьютерная графика\Лабораторная №2\Лабораторная №2\math_3d.h(9,8): message : см. объявление "Vector3f"
C:\Users\semen\OneDrive\Рабочий стол\Учёба\Инженерная и компьютерная графика\Лабораторная №2\Лабораторная №2\math_3d.cpp(5,1): error C2270: Cross: модификаторы недопустимы для функций, не являющихся членами
C:\Users\semen\OneDrive\Рабочий стол\Учёба\Инженерная и компьютерная графика\Лабораторная №2\Лабораторная №2\math_3d.cpp(6,22): error C2065: y: необъявленный идентификатор
C:\Users\semen\OneDrive\Рабочий стол\Учёба\Инженерная и компьютерная графика\Лабораторная №2\Лабораторная №2\math_3d.cpp(6,32): error C2065: z: необъявленный идентификатор
C:\Users\semen\OneDrive\Рабочий стол\Учёба\Инженерная и компьютерная графика\Лабораторная №2\Лабораторная №2\math_3d.cpp(6,17): error C2737: "_x": необходимо инициализировать объект const
C:\Users\semen\OneDrive\Рабочий стол\Учёба\Инженерная и компьютерная графика\Лабораторная №2\Лабораторная №2\math_3d.cpp(7,22): error C2065: z: необъявленный идентификатор
C:\Users\semen\OneDrive\Рабочий стол\Учёба\Инженерная и компьютерная графика\Лабораторная №2\Лабораторная №2\math_3d.cpp(7,32): error C2065: x: необъявленный идентификатор
C:\Users\semen\OneDrive\Рабочий стол\Учёба\Инженерная и компьютерная графика\Лабораторная №2\Лабораторная №2\math_3d.cpp(7,17): error C2737: "_y": необходимо инициализировать объект const
C:\Users\semen\OneDrive\Рабочий стол\Учёба\Инженерная и компьютерная графика\Лабораторная №2\Лабораторная №2\math_3d.cpp(8,22): error C2065: x: необъявленный идентификатор
C:\Users\semen\OneDrive\Рабочий стол\Учёба\Инженерная и компьютерная графика\Лабораторная №2\Лабораторная №2\math_3d.cpp(8,32): error C2065: y: необъявленный идентификатор
C:\Users\semen\OneDrive\Рабочий стол\Учёба\Инженерная и компьютерная графика\Лабораторная №2\Лабораторная №2\math_3d.cpp(8,17): error C2737: "_z": необходимо инициализировать объект const
C:\Users\semen\OneDrive\Рабочий стол\Учёба\Инженерная и компьютерная графика\Лабораторная №2\Лабораторная №2\math_3d.cpp(13,21): error C2039: "Normalize": не является членом "Vector3f".
C:\Users\semen\OneDrive\Рабочий стол\Учёба\Инженерная и компьютерная графика\Лабораторная №2\Лабораторная №2\math_3d.h(9,8): message : см. объявление "Vector3f"
C:\Users\semen\OneDrive\Рабочий стол\Учёба\Инженерная и компьютерная графика\Лабораторная №2\Лабораторная №2\math_3d.cpp(15,32): error C2065: x: необъявленный идентификатор
C:\Users\semen\OneDrive\Рабочий стол\Учёба\Инженерная и компьютерная графика\Лабораторная №2\Лабораторная №2\math_3d.cpp(15,36): error C2065: x: необъявленный идентификатор
C:\Users\semen\OneDrive\Рабочий стол\Учёба\Инженерная и компьютерная графика\Лабораторная №2\Лабораторная №2\math_3d.cpp(15,40): error C2065: y: необъявленный идентификатор
C:\Users\semen\OneDrive\Рабочий стол\Учёба\Инженерная и компьютерная графика\Лабораторная №2\Лабораторная №2\math_3d.cpp(15,44): error C2065: y: необъявленный идентификатор
C:\Users\semen\OneDrive\Рабочий стол\Учёба\Инженерная и компьютерная графика\Лабораторная №2\Лабораторная №2\math_3d.cpp(15,48): error C2065: z: необъявленный идентификатор
C:\Users\semen\OneDrive\Рабочий стол\Учёба\Инженерная и компьютерная графика\Лабораторная №2\Лабораторная №2\math_3d.cpp(15,52): error C2065: z: необъявленный идентификатор
C:\Users\semen\OneDrive\Рабочий стол\Учёба\Инженерная и компьютерная графика\Лабораторная №2\Лабораторная №2\math_3d.cpp(15,17): error C2737: "Length": необходимо инициализировать объект const
C:\Users\semen\OneDrive\Рабочий стол\Учёба\Инженерная и компьютерная графика\Лабораторная №2\Лабораторная №2\math_3d.cpp(17,5): error C2065: x: необъявленный идентификатор
C:\Users\semen\OneDrive\Рабочий стол\Учёба\Инженерная и компьютерная графика\Лабораторная №2\Лабораторная №2\math_3d.cpp(18,5): error C2065: y: необъявленный идентификатор
C:\Users\semen\OneDrive\Рабочий стол\Учёба\Инженерная и компьютерная графика\Лабораторная №2\Лабораторная №2\math_3d.cpp(19,5): error C2065: z: необъявленный идентификатор
C:\Users\semen\OneDrive\Рабочий стол\Учёба\Инженерная и компьютерная графика\Лабораторная №2\Лабораторная №2\math_3d.cpp(21,13): error C2355: "this": может указываться только в нестатических членах-функциях или инициализаторах нестатических членов данных
C:\Users\semen\OneDrive\Рабочий стол\Учёба\Инженерная и компьютерная графика\Лабораторная №2\Лабораторная №2\math_3d.cpp(24,16): error C2039: "InitScaleTransform": не является членом "Matrix4f".
C:\Users\semen\OneDrive\Рабочий стол\Учёба\Инженерная и компьютерная графика\Лабораторная №2\Лабораторная №2\math_3d.h(27,7): message : см. объявление "Matrix4f"
C:\Users\semen\OneDrive\Рабочий стол\Учёба\Инженерная и компьютерная графика\Лабораторная №2\Лабораторная №2\math_3d.cpp(26,5): error C2065: m: необъявленный идентификатор
C:\Users\semen\OneDrive\Рабочий стол\Учёба\Инженерная и компьютерная графика\Лабораторная №2\Лабораторная №2\math_3d.cpp(26,23): error C2065: m: необъявленный идентификатор
C:\Users\semen\OneDrive\Рабочий стол\Учёба\Инженерная и компьютерная графика\Лабораторная №2\Лабораторная №2\math_3d.cpp(26,41): error C2065: m: необъявленный идентификатор
C:\Users\semen\OneDrive\Рабочий стол\Учёба\Инженерная и компьютерная графика\Лабораторная №2\Лабораторная №2\math_3d.cpp(26,59): error C2065: m: необъявленный идентификатор
C:\Users\semen\OneDrive\Рабочий стол\Учёба\Инженерная и компьютерная графика\Лабораторная №2\Лабораторная №2\math_3d.cpp(27,5): error C2065: m: необъявленный идентификатор
C:\Users\semen\OneDrive\Рабочий стол\Учёба\Инженерная и компьютерная графика\Лабораторная №2\Лабораторная №2\math_3d.cpp(27,23): error C2065: m: необъявленный идентификатор
C:\Users\semen\OneDrive\Рабочий стол\Учёба\Инженерная и компьютерная графика\Лабораторная №2\Лабораторная №2\math_3d.cpp(27,41): error C2065: m: необъявленный идентификатор
C:\Users\semen\OneDrive\Рабочий стол\Учёба\Инженерная и компьютерная графика\Лабораторная №2\Лабораторная №2\math_3d.cpp(27,59): error C2065: m: необъявленный идентификатор
C:\Users\semen\OneDrive\Рабочий стол\Учёба\Инженерная и компьютерная графика\Лабораторная №2\Лабораторная №2\math_3d.cpp(28,5): error C2065: m: необъявленный идентификатор
C:\Users\semen\OneDrive\Рабочий стол\Учёба\Инженерная и компьютерная графика\Лабораторная №2\Лабораторная №2\math_3d.cpp(28,23): error C2065: m: необъявленный идентификатор
C:\Users\semen\OneDrive\Рабочий стол\Учёба\Инженерная и компьютерная графика\Лабораторная №2\Лабораторная №2\math_3d.cpp(28,41): error C2065: m: необъявленный идентификатор
C:\Users\semen\OneDrive\Рабочий стол\Учёба\Инженерная и компьютерная графика\Лабораторная №2\Лабораторная №2\math_3d.cpp(28,59): error C2065: m: необъявленный идентификатор
C:\Users\semen\OneDrive\Рабочий стол\Учёба\Инженерная и компьютерная графика\Лабораторная №2\Лабораторная №2\math_3d.cpp(29,5): error C2065: m: необъявленный идентификатор
C:\Users\semen\OneDrive\Рабочий стол\Учёба\Инженерная и компьютерная графика\Лабораторная №2\Лабораторная №2\math_3d.cpp(29,23): error C2065: m: необъявленный идентификатор
C:\Users\semen\OneDrive\Рабочий стол\Учёба\Инженерная и компьютерная графика\Лабораторная №2\Лабораторная №2\math_3d.cpp(29,41): error C2065: m: необъявленный идентификатор
C:\Users\semen\OneDrive\Рабочий стол\Учёба\Инженерная и компьютерная графика\Лабораторная №2\Лабораторная №2\math_3d.cpp(29,59): error C2065: m: необъявленный идентификатор
C:\Users\semen\OneDrive\Рабочий стол\Учёба\Инженерная и компьютерная графика\Лабораторная №2\Лабораторная №2\math_3d.cpp(32,16): error C2039: "InitRotateTransform": не является членом "Matrix4f".
C:\Users\semen\OneDrive\Рабочий стол\Учёба\Инженерная и компьютерная графика\Лабораторная №2\Лабораторная №2\math_3d.h(27,7): message : см. объявление "Matrix4f"
C:\Users\semen\OneDrive\Рабочий стол\Учёба\Инженерная и компьютерная графика\Лабораторная №2\Лабораторная №2\math_3d.cpp(36,21): warning C4244: инициализация: преобразование "double" в "float", возможна потеря данных
C:\Users\semen\OneDrive\Рабочий стол\Учёба\Инженерная и компьютерная графика\Лабораторная №2\Лабораторная №2\math_3d.cpp(36,19): warning C4244: инициализация: преобразование "double" в "const float", возможна потеря данных
C:\Users\semen\OneDrive\Рабочий стол\Учёба\Инженерная и компьютерная графика\Лабораторная №2\Лабораторная №2\math_3d.cpp(37,21): warning C4244: инициализация: преобразование "double" в "float", возможна потеря данных
C:\Users\semen\OneDrive\Рабочий стол\Учёба\Инженерная и компьютерная графика\Лабораторная №2\Лабораторная №2\math_3d.cpp(37,19): warning C4244: инициализация: преобразование "double" в "const float", возможна потеря данных
C:\Users\semen\OneDrive\Рабочий стол\Учёба\Инженерная и компьютерная графика\Лабораторная №2\Лабораторная №2\math_3d.cpp(38,21): warning C4244: инициализация: преобразование "double" в "float", возможна потеря данных
C:\Users\semen\OneDrive\Рабочий стол\Учёба\Инженерная и компьютерная графика\Лабораторная №2\Лабораторная №2\math_3d.cpp(38,19): warning C4244: инициализация: преобразование "double" в "const float", возможна потеря данных
C:\Users\semen\OneDrive\Рабочий стол\Учёба\Инженерная и компьютерная графика\Лабораторная №2\Лабораторная №2\math_3d.cpp(55,6): error C2355: "this": может указываться только в нестатических членах-функциях или инициализаторах нестатических членов данных
C:\Users\semen\OneDrive\Рабочий стол\Учёба\Инженерная и компьютерная графика\Лабораторная №2\Лабораторная №2\math_3d.cpp(58,16): error C2039: "InitTranslationTransform": не является членом "Matrix4f".
C:\Users\semen\OneDrive\Рабочий стол\Учёба\Инженерная и компьютерная графика\Лабораторная №2\Лабораторная №2\math_3d.h(27,7): message : см. объявление "Matrix4f"
C:\Users\semen\OneDrive\Рабочий стол\Учёба\Инженерная и компьютерная графика\Лабораторная №2\Лабораторная №2\math_3d.cpp(60,5): error C2065: m: необъявленный идентификатор
C:\Users\semen\OneDrive\Рабочий стол\Учёба\Инженерная и компьютерная графика\Лабораторная №2\Лабораторная №2\math_3d.cpp(60,21): error C2065: m: необъявленный идентификатор
C:\Users\semen\OneDrive\Рабочий стол\Учёба\Инженерная и компьютерная графика\Лабораторная №2\Лабораторная №2\math_3d.cpp(60,37): error C2065: m: необъявленный идентификатор
C:\Users\semen\OneDrive\Рабочий стол\Учёба\Инженерная и компьютерная графика\Лабораторная №2\Лабораторная №2\math_3d.cpp(60,53): error C2065: m: необъявленный идентификатор
C:\Users\semen\OneDrive\Рабочий стол\Учёба\Инженерная и компьютерная графика\Лабораторная №2\Лабораторная №2\math_3d.cpp(61,5): error C2065: m: необъявленный идентификатор
C:\Users\semen\OneDrive\Рабочий стол\Учёба\Инженерная и компьютерная графика\Лабораторная №2\Лабораторная №2\math_3d.cpp(61,21): error C2065: m: необъявленный идентификатор
C:\Users\semen\OneDrive\Рабочий стол\Учёба\Инженерная и компьютерная графика\Лабораторная №2\Лабораторная №2\math_3d.cpp(61,37): error C2065: m: необъявленный идентификатор
C:\Users\semen\OneDrive\Рабочий стол\Учёба\Инженерная и компьютерная графика\Лабораторная №2\Лабораторная №2\math_3d.cpp(61,53): error C2065: m: необъявленный идентификатор
C:\Users\semen\OneDrive\Рабочий стол\Учёба\Инженерная и компьютерная графика\Лабораторная №2\Лабораторная №2\math_3d.cpp(62,5): error C2065: m: необъявленный идентификатор
C:\Users\semen\OneDrive\Рабочий стол\Учёба\Инженерная и компьютерная графика\Лабораторная №2\Лабораторная №2\math_3d.cpp(62,21): error C2065: m: необъявленный идентификатор
C:\Users\semen\OneDrive\Рабочий стол\Учёба\Инженерная и компьютерная графика\Лабораторная №2\Лабораторная №2\math_3d.cpp(62,37): error C2065: m: необъявленный идентификатор
C:\Users\semen\OneDrive\Рабочий стол\Учёба\Инженерная и компьютерная графика\Лабораторная №2\Лабораторная №2\math_3d.cpp(62,53): error C2065: m: необъявленный идентификатор
C:\Users\semen\OneDrive\Рабочий стол\Учёба\Инженерная и компьютерная графика\Лабораторная №2\Лабораторная №2\math_3d.cpp(63,5): error C2065: m: необъявленный идентификатор
C:\Users\semen\OneDrive\Рабочий стол\Учёба\Инженерная и компьютерная графика\Лабораторная №2\Лабораторная №2\math_3d.cpp(63,21): error C2065: m: необъявленный идентификатор
C:\Users\semen\OneDrive\Рабочий стол\Учёба\Инженерная и компьютерная графика\Лабораторная №2\Лабораторная №2\math_3d.cpp(63,37): error C2065: m: необъявленный идентификатор
C:\Users\semen\OneDrive\Рабочий стол\Учёба\Инженерная и компьютерная графика\Лабораторная №2\Лабораторная №2\math_3d.cpp(63,53): error C2065: m: необъявленный идентификатор
C:\Users\semen\OneDrive\Рабочий стол\Учёба\Инженерная и компьютерная графика\Лабораторная №2\Лабораторная №2\math_3d.cpp(67,16): error C2039: "InitCameraTransform": не является членом "Matrix4f".
C:\Users\semen\OneDrive\Рабочий стол\Учёба\Инженерная и компьютерная графика\Лабораторная №2\Лабораторная №2\math_3d.h(27,7): message : см. объявление "Matrix4f"
C:\Users\semen\OneDrive\Рабочий стол\Учёба\Инженерная и компьютерная графика\Лабораторная №2\Лабораторная №2\math_3d.cpp(70,7): error C2039: "Normalize": не является членом "Vector3f".
C:\Users\semen\OneDrive\Рабочий стол\Учёба\Инженерная и компьютерная графика\Лабораторная №2\Лабораторная №2\math_3d.h(9,8): message : см. объявление "Vector3f"
C:\Users\semen\OneDrive\Рабочий стол\Учёба\Инженерная и компьютерная графика\Лабораторная №2\Лабораторная №2\math_3d.cpp(72,7): error C2039: "Normalize": не является членом "Vector3f".
C:\Users\semen\OneDrive\Рабочий стол\Учёба\Инженерная и компьютерная графика\Лабораторная №2\Лабораторная №2\math_3d.h(9,8): message : см. объявление "Vector3f"
C:\Users\semen\OneDrive\Рабочий стол\Учёба\Инженерная и компьютерная графика\Лабораторная №2\Лабораторная №2\math_3d.cpp(73,11): error C2039: "Cross": не является членом "Vector3f".
C:\Users\semen\OneDrive\Рабочий стол\Учёба\Инженерная и компьютерная графика\Лабораторная №2\Лабораторная №2\math_3d.h(9,8): message : см. объявление "Vector3f"
C:\Users\semen\OneDrive\Рабочий стол\Учёба\Инженерная и компьютерная графика\Лабораторная №2\Лабораторная №2\math_3d.cpp(74,20): error C2039: "Cross": не является членом "Vector3f".
C:\Users\semen\OneDrive\Рабочий стол\Учёба\Инженерная и компьютерная графика\Лабораторная №2\Лабораторная №2\math_3d.h(9,8): message : см. объявление "Vector3f"
C:\Users\semen\OneDrive\Рабочий стол\Учёба\Инженерная и компьютерная графика\Лабораторная №2\Лабораторная №2\math_3d.cpp(76,5): error C2065: m: необъявленный идентификатор
C:\Users\semen\OneDrive\Рабочий стол\Учёба\Инженерная и компьютерная графика\Лабораторная №2\Лабораторная №2\math_3d.cpp(76,22): error C2065: m: необъявленный идентификатор
C:\Users\semen\OneDrive\Рабочий стол\Учёба\Инженерная и компьютерная графика\Лабораторная №2\Лабораторная №2\math_3d.cpp(76,39): error C2065: m: необъявленный идентификатор
C:\Users\semen\OneDrive\Рабочий стол\Учёба\Инженерная и компьютерная графика\Лабораторная №2\Лабораторная №2\math_3d.cpp(76,56): error C2065: m: необъявленный идентификатор
C:\Users\semen\OneDrive\Рабочий стол\Учёба\Инженерная и компьютерная графика\Лабораторная №2\Лабораторная №2\math_3d.cpp(77,5): error C2065: m: необъявленный идентификатор
C:\Users\semen\OneDrive\Рабочий стол\Учёба\Инженерная и компьютерная графика\Лабораторная №2\Лабораторная №2\math_3d.cpp(77,22): error C2065: m: необъявленный идентификатор
C:\Users\semen\OneDrive\Рабочий стол\Учёба\Инженерная и компьютерная графика\Лабораторная №2\Лабораторная №2\math_3d.cpp(77,39): error C2065: m: необъявленный идентификатор
C:\Users\semen\OneDrive\Рабочий стол\Учёба\Инженерная и компьютерная графика\Лабораторная №2\Лабораторная №2\math_3d.cpp(77,56): error C2065: m: необъявленный идентификатор
C:\Users\semen\OneDrive\Рабочий стол\Учёба\Инженерная и компьютерная графика\Лабораторная №2\Лабораторная №2\math_3d.cpp(78,5): error C2065: m: необъявленный идентификатор
C:\Users\semen\OneDrive\Рабочий стол\Учёба\Инженерная и компьютерная графика\Лабораторная №2\Лабораторная №2\math_3d.cpp(78,22): error C2065: m: необъявленный идентификатор
C:\Users\semen\OneDrive\Рабочий стол\Учёба\Инженерная и компьютерная графика\Лабораторная №2\Лабораторная №2\math_3d.cpp(78,39): error C2065: m: необъявленный идентификатор
C:\Users\semen\OneDrive\Рабочий стол\Учёба\Инженерная и компьютерная графика\Лабораторная №2\Лабораторная №2\math_3d.cpp(78,56): error C2065: m: необъявленный идентификатор
C:\Users\semen\OneDrive\Рабочий стол\Учёба\Инженерная и компьютерная графика\Лабораторная №2\Лабораторная №2\math_3d.cpp(79,5): error C2065: m: необъявленный идентификатор
C:\Users\semen\OneDrive\Рабочий стол\Учёба\Инженерная и компьютерная графика\Лабораторная №2\Лабораторная №2\math_3d.cpp(79,22): error C2065: m: необъявленный идентификатор
C:\Users\semen\OneDrive\Рабочий стол\Учёба\Инженерная и компьютерная графика\Лабораторная №2\Лабораторная №2\math_3d.cpp(79,39): error C2065: m: необъявленный идентификатор
C:\Users\semen\OneDrive\Рабочий стол\Учёба\Инженерная и компьютерная графика\Лабораторная №2\Лабораторная №2\math_3d.cpp(79,56): error C2065: m: необъявленный идентификатор
C:\Users\semen\OneDrive\Рабочий стол\Учёба\Инженерная и компьютерная графика\Лабораторная №2\Лабораторная №2\math_3d.cpp(82,16): error C2039: "InitPersProjTransform": не является членом "Matrix4f".
C:\Users\semen\OneDrive\Рабочий стол\Учёба\Инженерная и компьютерная графика\Лабораторная №2\Лабораторная №2\math_3d.h(27,7): message : см. объявление "Matrix4f"
C:\Users\semen\OneDrive\Рабочий стол\Учёба\Инженерная и компьютерная графика\Лабораторная №2\Лабораторная №2\math_3d.cpp(86,35): warning C4244: аргумент: преобразование "double" в "float", возможна потеря данных
C:\Users\semen\OneDrive\Рабочий стол\Учёба\Инженерная и компьютерная графика\Лабораторная №2\Лабораторная №2\math_3d.cpp(88,5): error C2065: m: необъявленный идентификатор
C:\Users\semen\OneDrive\Рабочий стол\Учёба\Инженерная и компьютерная графика\Лабораторная №2\Лабораторная №2\math_3d.cpp(88,41): error C2065: m: необъявленный идентификатор
C:\Users\semen\OneDrive\Рабочий стол\Учёба\Инженерная и компьютерная графика\Лабораторная №2\Лабораторная №2\math_3d.cpp(88,68): error C2065: m: необъявленный идентификатор
C:\Users\semen\OneDrive\Рабочий стол\Учёба\Инженерная и компьютерная графика\Лабораторная №2\Лабораторная №2\math_3d.cpp(88,93): error C2065: m: необъявленный идентификатор
C:\Users\semen\OneDrive\Рабочий стол\Учёба\Инженерная и компьютерная графика\Лабораторная №2\Лабораторная №2\math_3d.cpp(89,5): error C2065: m: необъявленный идентификатор
C:\Users\semen\OneDrive\Рабочий стол\Учёба\Инженерная и компьютерная графика\Лабораторная №2\Лабораторная №2\math_3d.cpp(89,39): error C2065: m: необъявленный идентификатор
C:\Users\semen\OneDrive\Рабочий стол\Учёба\Инженерная и компьютерная графика\Лабораторная №2\Лабораторная №2\math_3d.cpp(89,68): error C2065: m: необъявленный идентификатор
C:\Users\semen\OneDrive\Рабочий стол\Учёба\Инженерная и компьютерная графика\Лабораторная №2\Лабораторная №2\math_3d.cpp(89,93): error C2065: m: необъявленный идентификатор
C:\Users\semen\OneDrive\Рабочий стол\Учёба\Инженерная и компьютерная графика\Лабораторная №2\Лабораторная №2\math_3d.cpp(90,5): error C2065: m: необъявленный идентификатор
C:\Users\semen\OneDrive\Рабочий стол\Учёба\Инженерная и компьютерная графика\Лабораторная №2\Лабораторная №2\math_3d.cpp(90,39): error C2065: m: необъявленный идентификатор
C:\Users\semen\OneDrive\Рабочий стол\Учёба\Инженерная и компьютерная графика\Лабораторная №2\Лабораторная №2\math_3d.cpp(90,66): error C2065: m: необъявленный идентификатор
C:\Users\semen\OneDrive\Рабочий стол\Учёба\Инженерная и компьютерная графика\Лабораторная №2\Лабораторная №2\math_3d.cpp(90,102): error C2065: m: необъявленный идентификатор
C:\Users\semen\OneDrive\Рабочий стол\Учёба\Инженерная и компьютерная графика\Лабораторная №2\Лабораторная №2\math_3d.cpp(91,5): error C2065: m: необъявленный идентификатор
C:\Users\semen\OneDrive\Рабочий стол\Учёба\Инженерная и компьютерная графика\Лабораторная №2\Лабораторная №2\math_3d.cpp(91,39): error C2065: m: необъявленный идентификатор
C:\Users\semen\OneDrive\Рабочий стол\Учёба\Инженерная и компьютерная графика\Лабораторная №2\Лабораторная №2\math_3d.cpp(91,66): error C2065: m: необъявленный идентификатор
C:\Users\semen\OneDrive\Рабочий стол\Учёба\Инженерная и компьютерная графика\Лабораторная №2\Лабораторная №2\math_3d.cpp(91,91): error C2065: m: необъявленный идентификатор
  pipeline.cpp
C:\Users\semen\OneDrive\Рабочий стол\Учёба\Инженерная и компьютерная графика\Лабораторная №2\Лабораторная №2\pipeline.cpp(16,21): warning C4244: инициализация: преобразование "double" в "float", возможна потеря данных
C:\Users\semen\OneDrive\Рабочий стол\Учёба\Инженерная и компьютерная графика\Лабораторная №2\Лабораторная №2\pipeline.cpp(16,19): warning C4244: инициализация: преобразование "double" в "const float", возможна потеря данных
C:\Users\semen\OneDrive\Рабочий стол\Учёба\Инженерная и компьютерная графика\Лабораторная №2\Лабораторная №2\pipeline.cpp(17,21): warning C4244: инициализация: преобразование "double" в "float", возможна потеря данных
C:\Users\semen\OneDrive\Рабочий стол\Учёба\Инженерная и компьютерная графика\Лабораторная №2\Лабораторная №2\pipeline.cpp(17,19): warning C4244: инициализация: преобразование "double" в "const float", возможна потеря данных
C:\Users\semen\OneDrive\Рабочий стол\Учёба\Инженерная и компьютерная графика\Лабораторная №2\Лабораторная №2\pipeline.cpp(18,21): warning C4244: инициализация: преобразование "double" в "float", возможна потеря данных
C:\Users\semen\OneDrive\Рабочий стол\Учёба\Инженерная и компьютерная графика\Лабораторная №2\Лабораторная №2\pipeline.cpp(18,19): warning C4244: инициализация: преобразование "double" в "const float", возможна потеря данных
C:\Users\semen\OneDrive\Рабочий стол\Учёба\Инженерная и компьютерная графика\Лабораторная №2\Лабораторная №2\pipeline.cpp(52,35): warning C4244: аргумент: преобразование "double" в "float", возможна потеря данных
  Лабораторная №2.cpp
C:\Users\semen\OneDrive\Рабочий стол\Учёба\Инженерная и компьютерная графика\Лабораторная №2\Лабораторная №2\Лабораторная №2.cpp(83,49): warning C4305: аргумент: усечение из "double" в "float"
  Создание кода...
